[debug] [2025-02-11T08:19:25.669Z] ----------------------------------------------------------------------
[debug] [2025-02-11T08:19:25.677Z] Command:       C:\Program Files\nodejs\node.exe C:\Users\IT110\AppData\Roaming\npm\node_modules\firebase-tools\lib\bin\firebase.js deploy
[debug] [2025-02-11T08:19:25.679Z] CLI Version:   13.30.0
[debug] [2025-02-11T08:19:25.679Z] Platform:      win32
[debug] [2025-02-11T08:19:25.679Z] Node Version:  v20.16.0
[debug] [2025-02-11T08:19:25.680Z] Time:          Tue Feb 11 2025 15:19:25 GMT+0700 (Western Indonesia Time)
[debug] [2025-02-11T08:19:25.680Z] ----------------------------------------------------------------------
[debug] 
[debug] [2025-02-11T08:19:25.935Z] > command requires scopes: ["email","openid","https://www.googleapis.com/auth/cloudplatformprojects.readonly","https://www.googleapis.com/auth/firebase","https://www.googleapis.com/auth/cloud-platform"]
[debug] [2025-02-11T08:19:25.935Z] > authorizing via signed-in user (dandiramdani21@gmail.com)
[debug] [2025-02-11T08:19:25.936Z] [iam] checking project pilgrimdian-459ab for permissions ["firebase.projects.get","firebasehosting.sites.update"]
[debug] [2025-02-11T08:19:25.937Z] Checked if tokens are valid: true, expires at: 1739264998359
[debug] [2025-02-11T08:19:25.937Z] Checked if tokens are valid: true, expires at: 1739264998359
[debug] [2025-02-11T08:19:25.938Z] >>> [apiv2][query] POST https://cloudresourcemanager.googleapis.com/v1/projects/pilgrimdian-459ab:testIamPermissions [none]
[debug] [2025-02-11T08:19:25.938Z] >>> [apiv2][(partial)header] POST https://cloudresourcemanager.googleapis.com/v1/projects/pilgrimdian-459ab:testIamPermissions x-goog-quota-user=projects/pilgrimdian-459ab
[debug] [2025-02-11T08:19:25.938Z] >>> [apiv2][body] POST https://cloudresourcemanager.googleapis.com/v1/projects/pilgrimdian-459ab:testIamPermissions {"permissions":["firebase.projects.get","firebasehosting.sites.update"]}
[debug] [2025-02-11T08:19:27.088Z] <<< [apiv2][status] POST https://cloudresourcemanager.googleapis.com/v1/projects/pilgrimdian-459ab:testIamPermissions 200
[debug] [2025-02-11T08:19:27.089Z] <<< [apiv2][body] POST https://cloudresourcemanager.googleapis.com/v1/projects/pilgrimdian-459ab:testIamPermissions {"permissions":["firebase.projects.get","firebasehosting.sites.update"]}
[debug] [2025-02-11T08:19:27.090Z] Checked if tokens are valid: true, expires at: 1739264998359
[debug] [2025-02-11T08:19:27.091Z] Checked if tokens are valid: true, expires at: 1739264998359
[debug] [2025-02-11T08:19:27.092Z] >>> [apiv2][query] GET https://firebase.googleapis.com/v1beta1/projects/pilgrimdian-459ab [none]
[debug] [2025-02-11T08:19:27.677Z] <<< [apiv2][status] GET https://firebase.googleapis.com/v1beta1/projects/pilgrimdian-459ab 200
[debug] [2025-02-11T08:19:27.677Z] <<< [apiv2][body] GET https://firebase.googleapis.com/v1beta1/projects/pilgrimdian-459ab {"projectId":"pilgrimdian-459ab","projectNumber":"352902922055","displayName":"Pilgrimdian","name":"projects/pilgrimdian-459ab","resources":{"hostingSite":"pilgrimdian-459ab"},"state":"ACTIVE","etag":"1_d79cbe4c-ebc4-4ceb-9a9e-ff105a1339d1"}
[info] 
   Thank you for trying our early preview of Next.js support on Firebase Hosting.
   During the preview, support is best-effort and breaking changes can be expected. Proceed with caution.
   The integration is known to work with Next.js version 12 - 15.0. You may encounter errors.

   Documentation: https://firebase.google.com/docs/hosting/frameworks/nextjs
   File a bug: https://github.com/firebase/firebase-tools/issues/new?template=bug_report.md
   Submit a feature request: https://github.com/firebase/firebase-tools/issues/new?template=feature_request.md

   We'd love to learn from you. Express your interest in helping us shape the future of Firebase Hosting: https://goo.gle/41enW5X

[debug] [2025-02-11T08:19:37.239Z] Checked if tokens are valid: true, expires at: 1739264998359
[debug] [2025-02-11T08:19:37.239Z] Checked if tokens are valid: true, expires at: 1739264998359
[debug] [2025-02-11T08:19:37.239Z] >>> [apiv2][query] GET https://firebasehosting.googleapis.com/v1beta1/projects/pilgrimdian-459ab/sites/pilgrimdian-459ab [none]
[debug] [2025-02-11T08:19:37.917Z] <<< [apiv2][status] GET https://firebasehosting.googleapis.com/v1beta1/projects/pilgrimdian-459ab/sites/pilgrimdian-459ab 200
[debug] [2025-02-11T08:19:37.918Z] <<< [apiv2][body] GET https://firebasehosting.googleapis.com/v1beta1/projects/pilgrimdian-459ab/sites/pilgrimdian-459ab {"name":"projects/pilgrimdian-459ab/sites/pilgrimdian-459ab","defaultUrl":"https://pilgrimdian-459ab.web.app","appId":"1:352902922055:web:516d22c4c052dfe7925662","type":"DEFAULT_SITE"}
[info]    ▲ Next.js 15.1.6

[info]    - Environments: .env


[info] (node:18580) Warning: Setting the NODE_TLS_REJECT_UNAUTHORIZED environment variable to '0' makes TLS connections and HTTPS requests insecure by disabling certificate verification.
(Use `node --trace-warnings ...` to show where the warning was created)

[info]    Creating an optimized production build ...

[info] (node:8800) Warning: Setting the NODE_TLS_REJECT_UNAUTHORIZED environment variable to '0' makes TLS connections and HTTPS requests insecure by disabling certificate verification.
(Use `node --trace-warnings ...` to show where the warning was created)

[info] Failed to compile.


[info] ./src/lib/db.js
Module not found: Can't resolve '@prisma/client'

https://nextjs.org/docs/messages/module-not-found

Import trace for requested module:
./src/app/api/categories/route.js

./src/lib/nodemailer.js
Module not found: Can't resolve 'nodemailer'
Did you mean './nodemailer'?
Requests that should resolve in the current directory need to start with './'.
Requests that start with a name are treated as module requests and resolve within module directories (node_modules, D:\Development\2025\Pillgrim\pilgrimdian).
If changing the source code is not an option there is also a resolve options called 'preferRelative' which tries to resolve these kind of requests in the current directory too.

https://nextjs.org/docs/messages/module-not-found

Import trace for requested module:
./src/app/api/payments/route.js


[info] 

[info] > Build failed because of webpack errors

[debug] [2025-02-11T08:20:06.303Z] Error: ENOENT: no such file or directory, open 'D:\Development\2025\Pillgrim\pilgrimdian\.next\server\middleware-manifest.json'
[error] 
[error] Error: An unexpected error has occurred.
